[debug] [2023-03-22T07:39:25.050Z] ----------------------------------------------------------------------
[debug] [2023-03-22T07:39:25.052Z] Command:       C:\Program Files\nodejs\node.exe C:\Users\Dell\AppData\Roaming\npm\node_modules\firebase-tools\lib\bin\firebase.js init
[debug] [2023-03-22T07:39:25.052Z] CLI Version:   11.24.1
[debug] [2023-03-22T07:39:25.052Z] Platform:      win32
[debug] [2023-03-22T07:39:25.053Z] Node Version:  v18.12.1
[debug] [2023-03-22T07:39:25.054Z] Time:          Wed Mar 22 2023 13:09:25 GMT+0530 (India Standard Time)
[debug] [2023-03-22T07:39:25.054Z] ----------------------------------------------------------------------
[debug] 
[debug] [2023-03-22T07:39:25.061Z] > command requires scopes: ["email","openid","https://www.googleapis.com/auth/cloudplatformprojects.readonly","https://www.googleapis.com/auth/firebase","https://www.googleapis.com/auth/cloud-platform"]
[debug] [2023-03-22T07:39:25.061Z] > authorizing via signed-in user (anshuamisha26@gmail.com)
[info] 
     ######## #### ########  ######## ########     ###     ######  ########
     ##        ##  ##     ## ##       ##     ##  ##   ##  ##       ##
     ######    ##  ########  ######   ########  #########  ######  ######
     ##        ##  ##    ##  ##       ##     ## ##     ##       ## ##
     ##       #### ##     ## ######## ########  ##     ##  ######  ########

You're about to initialize a Firebase project in this directory:

  D:\react\amazon-clone

[info] 
=== Project Setup
[info] 
[info] First, let's associate this project directory with a Firebase project.
[info] You can create multiple project aliases by running firebase use --add, 
[info] but for now we'll just set up a default project.
[info] 
[debug] [2023-03-22T07:40:01.384Z] >>> [apiv2][query] GET https://firebase.googleapis.com/v1beta1/projects pageSize=100
[debug] [2023-03-22T07:40:02.528Z] <<< [apiv2][status] GET https://firebase.googleapis.com/v1beta1/projects 200
[debug] [2023-03-22T07:40:02.528Z] <<< [apiv2][body] GET https://firebase.googleapis.com/v1beta1/projects [omitted]
[info] i  Using project clone-329c5 (amazon-clone) 
[info] 
=== Hosting Setup
[info] 
[info] Your public directory is the folder (relative to your project directory) that
[info] will contain Hosting assets to be uploaded with firebase deploy. If you
[info] have a build process for your assets, use your build's output directory.
[info] 
[debug] [2023-03-22T07:40:52.515Z] >>> [apiv2][query] GET https://www.gstatic.com/firebasejs/releases.json [none]
[debug] [2023-03-22T07:40:52.774Z] <<< [apiv2][status] GET https://www.gstatic.com/firebasejs/releases.json 200
[debug] [2023-03-22T07:40:52.774Z] <<< [apiv2][body] GET https://www.gstatic.com/firebasejs/releases.json {"current":{"version":"9.18.0","browserURL":"https://www.gstatic.com/firebasejs/9.18.0/firebase.js","packageURL":"https://www.gstatic.com/firebasejs/9.18.0/firebase.tgz"},"live":{"version":"9.18","browserURL":"https://www.gstatic.com/firebasejs/live/9.18/firebase.js","packageURL":"https://www.gstatic.com/firebasejs/live/9.18/firebase.tgz"},"components":{"analytics":"https://www.gstatic.com/firebasejs/9.18.0/firebase-analytics.js","app":"https://www.gstatic.com/firebasejs/9.18.0/firebase-app.js","app-check":"https://www.gstatic.com/firebasejs/9.18.0/firebase-app-check.js","auth":"https://www.gstatic.com/firebasejs/9.18.0/firebase-auth.js","auth/cordova":"https://www.gstatic.com/firebasejs/9.18.0/firebase-auth/cordova.js","auth/react-native":"https://www.gstatic.com/firebasejs/9.18.0/firebase-auth/react-native.js","functions":"https://www.gstatic.com/firebasejs/9.18.0/firebase-functions.js","firestore":"https://www.gstatic.com/firebasejs/9.18.0/firebase-firestore.js","firestore/lite":"https://www.gstatic.com/firebasejs/9.18.0/firebase-firestore/lite.js","installations":"https://www.gstatic.com/firebasejs/9.18.0/firebase-installations.js","storage":"https://www.gstatic.com/firebasejs/9.18.0/firebase-storage.js","performance":"https://www.gstatic.com/firebasejs/9.18.0/firebase-performance.js","remote-config":"https://www.gstatic.com/firebasejs/9.18.0/firebase-remote-config.js","messaging":"https://www.gstatic.com/firebasejs/9.18.0/firebase-messaging.js","messaging/sw":"https://www.gstatic.com/firebasejs/9.18.0/firebase-messaging/sw.js","database":"https://www.gstatic.com/firebasejs/9.18.0/firebase-database.js","firestore.memory":"https://www.gstatic.com/firebasejs/9.18.0/firebase-firestore.memory.js"}}
[info] +  Wrote build/index.html 
[info] 
[info] i  Detected a .git folder at D:\react\amazon-clone 
[info] i  Authorizing with GitHub to upload your service account to a GitHub repository's secrets store. 
[info] 
[info] Visit this URL on this device to log in:
[info] https://github.com/login/oauth/authorize?client_id=89cf50f02ac6aaed3484&state=117039895&redirect_uri=http%3A%2F%2Flocalhost%3A9005&scope=read%3Auser%20repo%20public_repo
[info] 
[info] Waiting for authentication...
[debug] [2023-03-22T07:41:10.219Z] >>> [apiv2][query] POST https://github.com/login/oauth/access_token [none]
[debug] [2023-03-22T07:41:10.219Z] >>> [apiv2][body] POST https://github.com/login/oauth/access_token [stream]
[debug] [2023-03-22T07:41:10.668Z] <<< [apiv2][status] POST https://github.com/login/oauth/access_token 200
[debug] [2023-03-22T07:41:10.668Z] <<< [apiv2][body] POST https://github.com/login/oauth/access_token {"access_token":"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","token_type":"bearer","scope":"read:user,repo"}
[debug] [2023-03-22T07:41:10.694Z] >>> [apiv2][query] GET https://api.github.com/user [none]
[debug] [2023-03-22T07:41:11.167Z] <<< [apiv2][status] GET https://api.github.com/user 200
[debug] [2023-03-22T07:41:11.167Z] <<< [apiv2][body] GET https://api.github.com/user {"login":"Amishaanshu","id":95044561,"node_id":"U_kgDOBapD0Q","avatar_url":"https://avatars.githubusercontent.com/u/95044561?v=4","gravatar_id":"","url":"https://api.github.com/users/Amishaanshu","html_url":"https://github.com/Amishaanshu","followers_url":"https://api.github.com/users/Amishaanshu/followers","following_url":"https://api.github.com/users/Amishaanshu/following{/other_user}","gists_url":"https://api.github.com/users/Amishaanshu/gists{/gist_id}","starred_url":"https://api.github.com/users/Amishaanshu/starred{/owner}{/repo}","subscriptions_url":"https://api.github.com/users/Amishaanshu/subscriptions","organizations_url":"https://api.github.com/users/Amishaanshu/orgs","repos_url":"https://api.github.com/users/Amishaanshu/repos","events_url":"https://api.github.com/users/Amishaanshu/events{/privacy}","received_events_url":"https://api.github.com/users/Amishaanshu/received_events","type":"User","site_admin":false,"name":null,"company":null,"blog":"","location":null,"email":null,"hireable":null,"bio":null,"twitter_username":null,"public_repos":9,"public_gists":0,"followers":0,"following":0,"created_at":"2021-11-25T16:45:34Z","updated_at":"2023-03-22T07:41:04Z","private_gists":0,"total_private_repos":0,"owned_private_repos":0,"disk_usage":8677,"collaborators":0,"two_factor_authentication":false,"plan":{"name":"free","space":976562499,"collaborators":0,"private_repos":10000}}
[info] 
[info] +  Success! Logged into GitHub as Amishaanshu 
[info] 
[debug] [2023-03-22T07:41:44.956Z] >>> [apiv2][query] GET https://api.github.com/repos//actions/secrets/public-key type=owner
[debug] [2023-03-22T07:41:45.418Z] <<< [apiv2][status] GET https://api.github.com/repos//actions/secrets/public-key 404
[debug] [2023-03-22T07:41:45.418Z] <<< [apiv2][body] GET https://api.github.com/repos//actions/secrets/public-key {"message":"Not Found","documentation_url":"https://docs.github.com/rest"}
